<?xml version="1.0" encoding="UTF-8"?>
<testng-results skipped="0" failed="0" total="2" passed="2">
  <reporter-output>
  </reporter-output>
  <suite name="Suite" duration-ms="57" started-at="2022-02-15T07:20:19Z" finished-at="2022-02-15T07:20:19Z">
    <groups>
    </groups>
    <test name="Test" duration-ms="57" started-at="2022-02-15T07:20:19Z" finished-at="2022-02-15T07:20:19Z">
      <class name="TestNG.example3_EmailableReport1">
        <test-method status="PASS" signature="test1()[pri:0, instance:TestNG.example3_EmailableReport1@e2cbe0]" name="test1" duration-ms="20" started-at="2022-02-15T12:50:19Z" finished-at="2022-02-15T12:50:19Z">
          <reporter-output>
          </reporter-output>
        </test-method> <!-- test1 -->
        <test-method status="PASS" signature="test2()[pri:0, instance:TestNG.example3_EmailableReport1@e2cbe0]" name="test2" duration-ms="2" started-at="2022-02-15T12:50:19Z" finished-at="2022-02-15T12:50:19Z">
          <reporter-output>
          </reporter-output>
        </test-method> <!-- test2 -->
      </class> <!-- TestNG.example3_EmailableReport1 -->
    </test> <!-- Test -->
  </suite> <!-- Suite -->
</testng-results>
